Arguments: 
  C:\Program Files\nodejs\node.exe C:\Users\abhishek.karna\AppData\Roaming\npm\node_modules\yarn\bin\yarn.js

PATH: 
  C:\Program Files\Docker\Docker\Resources\bin;C:\Program Files (x86)\RSA SecurID Token Common;C:\ProgramData\Oracle\Java\javapath;C:\oraclexe\app\oracle\product\11.2.0\server\bin;C:\Program Files (x86)\Intel\iCLS Client\;C:\Program Files\Intel\iCLS Client\;C:\WINDOWS\system32;C:\WINDOWS;C:\WINDOWS\System32\Wbem;C:\WINDOWS\System32\WindowsPowerShell\v1.0\;C:\Program Files\TortoiseSVN\bin;C:\Program Files\Intel\Intel(R) Management Engine Components\DAL;C:\Program Files\Intel\Intel(R) Management Engine Components\IPT;C:\Program Files (x86)\Intel\Intel(R) Management Engine Components\DAL;C:\Program Files (x86)\Intel\Intel(R) Management Engine Components\IPT;C:\Program Files (x86)\Windows Live\Shared;C:\Program Files\Microsoft SQL Server\110\Tools\Binn\;C:\Program Files (x86)\Microsoft SQL Server\110\Tools\Binn\;C:\Program Files\Microsoft SQL Server\110\DTS\Binn\;C:\Program Files (x86)\Microsoft SQL Server\110\Tools\Binn\ManagementStudio\;C:\Program Files (x86)\Microsoft SQL Server\110\DTS\Binn\;C:\Program Files (x86)\Windows Kits\8.1\Windows Performance Toolkit\;C:\Program Files (x86)\Microsoft SDKs\TypeScript\1.0\;C:\Program Files\Microsoft SQL Server\120\Tools\Binn\;C:\Program Files (x86)\Git\cmd;C:\Program Files\TortoiseGit\bin;C:\WINDOWS\system32\config\systemprofile\.dnx\bin;C:\Program Files\Microsoft DNX\Dnvm\;C:\Program Files\Git\cmd;C:\Program Files\nodejs\;D:\apache-maven-3.3.9\\bin;C:\Program Files\Java\jdk1.8.0_45\bin;C:\Users\abhishek.karna\.dnx\bin;D:\genie-java\tools\apache-maven-3.1.0\bin;C:\Program Files (x86)\Microsoft VS Code\bin;C:\Users\abhishek.karna\AppData\Roaming\npm;C:\Users\abhishek.karna\AppData\Local\atom\bin

Yarn version: 
  1.3.2

Node version: 
  6.9.4

Platform: 
  win32 x64

npm manifest: 
  {
    "name": "genworth-aus",
    "version": "0.0.0",
    "license": "MIT",
    "scripts": {
      "start": "npm run lint && node \"node_modules\\@angular\\cli\\bin\\ng\" serve --aot true --port 7070",
      "build": "node \"node_modules\\@angular\\cli\\bin\\ng\" build --prod",
      "test": "node \"node_modules\\@angular\\cli\\bin\\ng\" test",
      "lint": "node \"node_modules\\@angular\\cli\\bin\\ng\" lint",
      "server:prod": "http-server dist -c-1 --cors",
      "server": "npm run server:prod"
    },
    "private": true,
    "dependencies": {
      "@angular/animations": "^5.0.0",
      "@angular/common": "^5.0.0",
      "@angular/compiler": "^5.0.0",
      "@angular/core": "^5.0.0",
      "@angular/forms": "^5.0.0",
      "@angular/http": "^5.0.0",
      "@angular/platform-browser": "^5.0.0",
      "@angular/platform-browser-dynamic": "^5.0.0",
      "@angular/router": "^5.0.0",
      "@types/lodash": "^4.14.88",
      "angular-in-memory-web-api": "^0.5.1",
      "bootstrap": "^4.0.0-beta.2",
      "core-js": "^2.4.1",
      "enhanced-resolve": "^3.3.0",
      "font-awesome": "^4.7.0",
      "lodash": "^4.17.4",
      "moment": "^2.19.4",
      "primeng": "^5.0.0-rc.0",
      "rxjs": "^5.5.2",
      "zone.js": "^0.8.14"
    },
    "devDependencies": {
      "@angular/cli": "1.5.0",
      "@angular/compiler-cli": "^5.0.0",
      "@angular/language-service": "^5.0.0",
      "@types/jasmine": "~2.5.53",
      "@types/jasminewd2": "~2.0.2",
      "@types/node": "~6.0.60",
      "codelyzer": "~3.2.0",
      "http-server": "^0.10.0",
      "jasmine-core": "~2.6.2",
      "jasmine-spec-reporter": "~4.1.0",
      "karma": "~1.7.0",
      "karma-chrome-launcher": "~2.1.1",
      "karma-cli": "~1.0.1",
      "karma-coverage-istanbul-reporter": "^1.2.1",
      "karma-jasmine": "~1.1.0",
      "karma-jasmine-html-reporter": "^0.2.2",
      "protractor": "~5.1.2",
      "ts-node": "~3.2.0",
      "tslint": "~5.7.0",
      "typescript": "~2.4.2"
    }
  }

yarn manifest: 
  No manifest

Lockfile: 
  No lockfile

Trace: 
  Error: self signed certificate in certificate chain
      at Error (native)
      at TLSSocket.<anonymous> (_tls_wrap.js:1079:38)
      at emitNone (events.js:86:13)
      at TLSSocket.emit (events.js:185:7)
      at TLSSocket._finishInit (_tls_wrap.js:603:8)
      at TLSWrap.ssl.onhandshakedone (_tls_wrap.js:433:38)
